<?xml version="1.0" encoding="UTF-8"?>
<!-- Generated by org.testng.reporters.JUnitReportReporter -->
<testsuite hostname="Sandhya" failures="0" tests="1" name="cucumberOptions.TestNGRunner" time="0.103" errors="0" timestamp="2023-10-31T19:48:54 IST" skipped="0">
  <testcase classname="cucumberOptions.TestNGRunner" name="runScenario" time="0.103"/>
</testsuite> <!-- cucumberOptions.TestNGRunner -->
