<?xml version="1.0" encoding="UTF-8"?>
<!-- Generated by org.testng.reporters.JUnitReportReporter -->
<testsuite hostname="Sandhya" failures="0" tests="1" name="cucumberOptions.TestNGRunner" time="0.110" errors="0" timestamp="2023-10-31T20:56:55 IST" skipped="0">
  <testcase classname="cucumberOptions.TestNGRunner" name="runScenario" time="0.110"/>
</testsuite> <!-- cucumberOptions.TestNGRunner -->
