<?xml version="1.0" encoding="UTF-8"?>
<!-- Generated by org.testng.reporters.JUnitReportReporter -->
<testsuite hostname="Sandhya" failures="0" tests="1" name="cucumberOptions.TestNGRunner" time="0.108" errors="0" timestamp="2023-10-28T00:03:19 IST" skipped="0">
  <testcase classname="cucumberOptions.TestNGRunner" name="runScenario" time="0.108"/>
</testsuite> <!-- cucumberOptions.TestNGRunner -->
